<?xml version="1.0" encoding="UTF-8"?>
<coverage generated="1655830926516" clover="3.2.0">
  <project timestamp="1655830926516" name="All files">
    <metrics statements="31" coveredstatements="30" conditionals="2" coveredconditionals="1" methods="11" coveredmethods="11" elements="44" coveredelements="42" complexity="0" loc="31" ncloc="31" packages="3" files="11" classes="11"/>
    <package name="easy">
      <metrics statements="13" coveredstatements="12" conditionals="2" coveredconditionals="1" methods="5" coveredmethods="5"/>
      <file name="isSquare.js" path="/home/shai/Repos/swe-2.0/shape-shifter/challenges/easy/isSquare.js">
        <metrics statements="4" coveredstatements="3" conditionals="2" coveredconditionals="1" methods="1" coveredmethods="1"/>
        <line num="9" count="2" type="cond" truecount="1" falsecount="1"/>
        <line num="10" count="2" type="stmt"/>
        <line num="12" count="0" type="stmt"/>
        <line num="16" count="1" type="stmt"/>
      </file>
      <file name="rectangleArea.js" path="/home/shai/Repos/swe-2.0/shape-shifter/challenges/easy/rectangleArea.js">
        <metrics statements="2" coveredstatements="2" conditionals="0" coveredconditionals="0" methods="1" coveredmethods="1"/>
        <line num="9" count="1" type="stmt"/>
        <line num="12" count="1" type="stmt"/>
      </file>
      <file name="rectanglePerimeter.js" path="/home/shai/Repos/swe-2.0/shape-shifter/challenges/easy/rectanglePerimeter.js">
        <metrics statements="2" coveredstatements="2" conditionals="0" coveredconditionals="0" methods="1" coveredmethods="1"/>
        <line num="9" count="1" type="stmt"/>
        <line num="12" count="1" type="stmt"/>
      </file>
      <file name="triangleArea.js" path="/home/shai/Repos/swe-2.0/shape-shifter/challenges/easy/triangleArea.js">
        <metrics statements="3" coveredstatements="3" conditionals="0" coveredconditionals="0" methods="1" coveredmethods="1"/>
        <line num="1" count="1" type="stmt"/>
        <line num="10" count="1" type="stmt"/>
        <line num="13" count="1" type="stmt"/>
      </file>
      <file name="trianglePerimeter.js" path="/home/shai/Repos/swe-2.0/shape-shifter/challenges/easy/trianglePerimeter.js">
        <metrics statements="2" coveredstatements="2" conditionals="0" coveredconditionals="0" methods="1" coveredmethods="1"/>
        <line num="9" count="2" type="stmt"/>
        <line num="12" count="2" type="stmt"/>
      </file>
    </package>
    <package name="hard">
      <metrics statements="8" coveredstatements="8" conditionals="0" coveredconditionals="0" methods="3" coveredmethods="3"/>
      <file name="rectangleOverlap.js" path="/home/shai/Repos/swe-2.0/shape-shifter/challenges/hard/rectangleOverlap.js">
        <metrics statements="1" coveredstatements="1" conditionals="0" coveredconditionals="0" methods="1" coveredmethods="1"/>
        <line num="22" count="1" type="stmt"/>
      </file>
      <file name="triangleAreaFromCoords.js" path="/home/shai/Repos/swe-2.0/shape-shifter/challenges/hard/triangleAreaFromCoords.js">
        <metrics statements="3" coveredstatements="3" conditionals="0" coveredconditionals="0" methods="1" coveredmethods="1"/>
        <line num="10" count="1" type="stmt"/>
        <line num="11" count="1" type="stmt"/>
        <line num="14" count="1" type="stmt"/>
      </file>
      <file name="triangleAreaFromSides.js" path="/home/shai/Repos/swe-2.0/shape-shifter/challenges/hard/triangleAreaFromSides.js">
        <metrics statements="4" coveredstatements="4" conditionals="0" coveredconditionals="0" methods="1" coveredmethods="1"/>
        <line num="1" count="1" type="stmt"/>
        <line num="13" count="1" type="stmt"/>
        <line num="15" count="1" type="stmt"/>
        <line num="18" count="1" type="stmt"/>
      </file>
    </package>
    <package name="medium">
      <metrics statements="10" coveredstatements="10" conditionals="0" coveredconditionals="0" methods="3" coveredmethods="3"/>
      <file name="getRectangleCorners.js" path="/home/shai/Repos/swe-2.0/shape-shifter/challenges/medium/getRectangleCorners.js">
        <metrics statements="5" coveredstatements="5" conditionals="0" coveredconditionals="0" methods="1" coveredmethods="1"/>
        <line num="13" count="1" type="stmt"/>
        <line num="18" count="1" type="stmt"/>
        <line num="23" count="1" type="stmt"/>
        <line num="28" count="1" type="stmt"/>
        <line num="31" count="1" type="stmt"/>
      </file>
      <file name="rectangleAreaFromCoords.js" path="/home/shai/Repos/swe-2.0/shape-shifter/challenges/medium/rectangleAreaFromCoords.js">
        <metrics statements="3" coveredstatements="3" conditionals="0" coveredconditionals="0" methods="1" coveredmethods="1"/>
        <line num="10" count="2" type="stmt"/>
        <line num="11" count="2" type="stmt"/>
        <line num="14" count="1" type="stmt"/>
      </file>
      <file name="triangleHypotenuse.js" path="/home/shai/Repos/swe-2.0/shape-shifter/challenges/medium/triangleHypotenuse.js">
        <metrics statements="2" coveredstatements="2" conditionals="0" coveredconditionals="0" methods="1" coveredmethods="1"/>
        <line num="10" count="1" type="stmt"/>
        <line num="13" count="1" type="stmt"/>
      </file>
    </package>
  </project>
</coverage>
