{"/home/shai/Repos/swe-2.0/shape-shifter/challenges/easy/isSquare.js": {"path":"/home/shai/Repos/swe-2.0/shape-shifter/challenges/easy/isSquare.js","statementMap":{"0":{"start":{"line":9,"column":2},"end":{"line":13,"column":3}},"1":{"start":{"line":10,"column":4},"end":{"line":10,"column":15}},"2":{"start":{"line":12,"column":4},"end":{"line":12,"column":16}},"3":{"start":{"line":16,"column":0},"end":{"line":16,"column":25}}},"fnMap":{"0":{"name":"isSquare","decl":{"start":{"line":8,"column":9},"end":{"line":8,"column":17}},"loc":{"start":{"line":8,"column":25},"end":{"line":14,"column":1}},"line":8}},"branchMap":{"0":{"loc":{"start":{"line":9,"column":2},"end":{"line":13,"column":3}},"type":"if","locations":[{"start":{"line":9,"column":2},"end":{"line":13,"column":3}},{"start":{"line":11,"column":9},"end":{"line":13,"column":3}}],"line":9}},"s":{"0":2,"1":2,"2":0,"3":1},"f":{"0":2},"b":{"0":[2,0]},"_coverageSchema":"1a1c01bbd47fc00a2c39e90264f33305004495a9","hash":"16dfe453c3bc182ab3764af45d7e3683e1efd15c"}
,"/home/shai/Repos/swe-2.0/shape-shifter/challenges/easy/rectangleArea.js": {"path":"/home/shai/Repos/swe-2.0/shape-shifter/challenges/easy/rectangleArea.js","statementMap":{"0":{"start":{"line":9,"column":2},"end":{"line":9,"column":7}},"1":{"start":{"line":12,"column":0},"end":{"line":12,"column":30}}},"fnMap":{"0":{"name":"rectangleArea","decl":{"start":{"line":8,"column":9},"end":{"line":8,"column":22}},"loc":{"start":{"line":8,"column":30},"end":{"line":10,"column":1}},"line":8}},"branchMap":{},"s":{"0":1,"1":1},"f":{"0":1},"b":{},"_coverageSchema":"1a1c01bbd47fc00a2c39e90264f33305004495a9","hash":"cb9d6a9397e6bf9e764264a778523c497cc00cd9"}
,"/home/shai/Repos/swe-2.0/shape-shifter/challenges/easy/rectanglePerimeter.js": {"path":"/home/shai/Repos/swe-2.0/shape-shifter/challenges/easy/rectanglePerimeter.js","statementMap":{"0":{"start":{"line":9,"column":2},"end":{"line":9,"column":18}},"1":{"start":{"line":12,"column":0},"end":{"line":12,"column":35}}},"fnMap":{"0":{"name":"rectanglePerimeter","decl":{"start":{"line":8,"column":9},"end":{"line":8,"column":27}},"loc":{"start":{"line":8,"column":35},"end":{"line":10,"column":1}},"line":8}},"branchMap":{},"s":{"0":1,"1":1},"f":{"0":1},"b":{},"_coverageSchema":"1a1c01bbd47fc00a2c39e90264f33305004495a9","hash":"0bf95057c97d207ffa05a3871eedfc412062d084"}
,"/home/shai/Repos/swe-2.0/shape-shifter/challenges/easy/triangleArea.js": {"path":"/home/shai/Repos/swe-2.0/shape-shifter/challenges/easy/triangleArea.js","statementMap":{"0":{"start":{"line":1,"column":22},"end":{"line":1,"column":48}},"1":{"start":{"line":10,"column":2},"end":{"line":10,"column":26}},"2":{"start":{"line":13,"column":0},"end":{"line":13,"column":29}}},"fnMap":{"0":{"name":"triangleArea","decl":{"start":{"line":9,"column":9},"end":{"line":9,"column":21}},"loc":{"start":{"line":9,"column":28},"end":{"line":11,"column":1}},"line":9}},"branchMap":{},"s":{"0":1,"1":1,"2":1},"f":{"0":1},"b":{},"_coverageSchema":"1a1c01bbd47fc00a2c39e90264f33305004495a9","hash":"e182865e5c11602cc5ff05898d4401f85d9e19b3"}
,"/home/shai/Repos/swe-2.0/shape-shifter/challenges/easy/trianglePerimeter.js": {"path":"/home/shai/Repos/swe-2.0/shape-shifter/challenges/easy/trianglePerimeter.js","statementMap":{"0":{"start":{"line":9,"column":2},"end":{"line":9,"column":18}},"1":{"start":{"line":12,"column":0},"end":{"line":12,"column":34}}},"fnMap":{"0":{"name":"trianglePerimeter","decl":{"start":{"line":8,"column":9},"end":{"line":8,"column":26}},"loc":{"start":{"line":8,"column":37},"end":{"line":10,"column":1}},"line":8}},"branchMap":{},"s":{"0":2,"1":2},"f":{"0":2},"b":{},"_coverageSchema":"1a1c01bbd47fc00a2c39e90264f33305004495a9","hash":"94a3d8f94f31e4dc7aed9d833a7129db49a5ed2e"}
,"/home/shai/Repos/swe-2.0/shape-shifter/challenges/hard/rectangleOverlap.js": {"path":"/home/shai/Repos/swe-2.0/shape-shifter/challenges/hard/rectangleOverlap.js","statementMap":{"0":{"start":{"line":22,"column":0},"end":{"line":22,"column":33}}},"fnMap":{"0":{"name":"rectangleOverlap","decl":{"start":{"line":18,"column":9},"end":{"line":18,"column":25}},"loc":{"start":{"line":18,"column":51},"end":{"line":20,"column":1}},"line":18}},"branchMap":{},"s":{"0":1},"f":{"0":3},"b":{},"_coverageSchema":"1a1c01bbd47fc00a2c39e90264f33305004495a9","hash":"f0c8397d93f331de89291b1b4a4b311817c45aaa"}
,"/home/shai/Repos/swe-2.0/shape-shifter/challenges/hard/triangleAreaFromCoords.js": {"path":"/home/shai/Repos/swe-2.0/shape-shifter/challenges/hard/triangleAreaFromCoords.js","statementMap":{"0":{"start":{"line":10,"column":2},"end":{"line":10,"column":20}},"1":{"start":{"line":11,"column":2},"end":{"line":11,"column":90}},"2":{"start":{"line":14,"column":0},"end":{"line":14,"column":39}}},"fnMap":{"0":{"name":"triangleAreaFromCoords","decl":{"start":{"line":9,"column":9},"end":{"line":9,"column":31}},"loc":{"start":{"line":9,"column":41},"end":{"line":12,"column":1}},"line":9}},"branchMap":{},"s":{"0":1,"1":1,"2":1},"f":{"0":1},"b":{},"_coverageSchema":"1a1c01bbd47fc00a2c39e90264f33305004495a9","hash":"d6dbe3d7ab361787dd9bae91bc36ac108660ebe9"}
,"/home/shai/Repos/swe-2.0/shape-shifter/challenges/hard/triangleAreaFromSides.js": {"path":"/home/shai/Repos/swe-2.0/shape-shifter/challenges/hard/triangleAreaFromSides.js","statementMap":{"0":{"start":{"line":1,"column":26},"end":{"line":1,"column":62}},"1":{"start":{"line":13,"column":12},"end":{"line":13,"column":42}},"2":{"start":{"line":15,"column":2},"end":{"line":15,"column":8}},"3":{"start":{"line":18,"column":0},"end":{"line":18,"column":38}}},"fnMap":{"0":{"name":"triangleAreaFromSides","decl":{"start":{"line":12,"column":9},"end":{"line":12,"column":30}},"loc":{"start":{"line":12,"column":41},"end":{"line":16,"column":1}},"line":12}},"branchMap":{},"s":{"0":1,"1":1,"2":1,"3":1},"f":{"0":1},"b":{},"_coverageSchema":"1a1c01bbd47fc00a2c39e90264f33305004495a9","hash":"8feaf143e4b56302dda10afa8fa2792818b74448"}
,"/home/shai/Repos/swe-2.0/shape-shifter/challenges/medium/getRectangleCorners.js": {"path":"/home/shai/Repos/swe-2.0/shape-shifter/challenges/medium/getRectangleCorners.js","statementMap":{"0":{"start":{"line":13,"column":17},"end":{"line":16,"column":3}},"1":{"start":{"line":18,"column":17},"end":{"line":21,"column":3}},"2":{"start":{"line":23,"column":17},"end":{"line":26,"column":3}},"3":{"start":{"line":28,"column":2},"end":{"line":28,"column":40}},"4":{"start":{"line":31,"column":0},"end":{"line":31,"column":36}}},"fnMap":{"0":{"name":"getRectangleCorners","decl":{"start":{"line":11,"column":9},"end":{"line":11,"column":28}},"loc":{"start":{"line":11,"column":43},"end":{"line":29,"column":1}},"line":11}},"branchMap":{},"s":{"0":1,"1":1,"2":1,"3":1,"4":1},"f":{"0":1},"b":{},"_coverageSchema":"1a1c01bbd47fc00a2c39e90264f33305004495a9","hash":"891027908de15c267b1c674e7981bbde9681f04f"}
,"/home/shai/Repos/swe-2.0/shape-shifter/challenges/medium/rectangleAreaFromCoords.js": {"path":"/home/shai/Repos/swe-2.0/shape-shifter/challenges/medium/rectangleAreaFromCoords.js","statementMap":{"0":{"start":{"line":10,"column":2},"end":{"line":10,"column":20}},"1":{"start":{"line":11,"column":2},"end":{"line":11,"column":32}},"2":{"start":{"line":14,"column":0},"end":{"line":14,"column":40}}},"fnMap":{"0":{"name":"rectangleAreaFromCoords","decl":{"start":{"line":9,"column":9},"end":{"line":9,"column":32}},"loc":{"start":{"line":9,"column":42},"end":{"line":12,"column":1}},"line":9}},"branchMap":{},"s":{"0":2,"1":2,"2":1},"f":{"0":2},"b":{},"_coverageSchema":"1a1c01bbd47fc00a2c39e90264f33305004495a9","hash":"29cfbf84b0899a6fed408110d9e201fa0fc05b7f"}
,"/home/shai/Repos/swe-2.0/shape-shifter/challenges/medium/triangleHypotenuse.js": {"path":"/home/shai/Repos/swe-2.0/shape-shifter/challenges/medium/triangleHypotenuse.js","statementMap":{"0":{"start":{"line":10,"column":2},"end":{"line":10,"column":24}},"1":{"start":{"line":13,"column":0},"end":{"line":13,"column":35}}},"fnMap":{"0":{"name":"triangleHypotenuse","decl":{"start":{"line":9,"column":9},"end":{"line":9,"column":27}},"loc":{"start":{"line":9,"column":35},"end":{"line":11,"column":1}},"line":9}},"branchMap":{},"s":{"0":1,"1":1},"f":{"0":1},"b":{},"_coverageSchema":"1a1c01bbd47fc00a2c39e90264f33305004495a9","hash":"5ed96171c15ef6f5f08e689601c0391ccaed56d6"}
}
