TN:
SF:challenges/easy/isSquare.js
FN:8,isSquare
FNF:1
FNH:1
FNDA:2,isSquare
DA:9,2
DA:10,2
DA:12,0
DA:16,1
LF:4
LH:3
BRDA:9,0,0,2
BRDA:9,0,1,0
BRF:2
BRH:1
end_of_record
TN:
SF:challenges/easy/rectangleArea.js
FN:8,rectangleArea
FNF:1
FNH:1
FNDA:1,rectangleArea
DA:9,1
DA:12,1
LF:2
LH:2
BRF:0
BRH:0
end_of_record
TN:
SF:challenges/easy/rectanglePerimeter.js
FN:8,rectanglePerimeter
FNF:1
FNH:1
FNDA:1,rectanglePerimeter
DA:9,1
DA:12,1
LF:2
LH:2
BRF:0
BRH:0
end_of_record
TN:
SF:challenges/easy/triangleArea.js
FN:9,triangleArea
FNF:1
FNH:1
FNDA:1,triangleArea
DA:1,1
DA:10,1
DA:13,1
LF:3
LH:3
BRF:0
BRH:0
end_of_record
TN:
SF:challenges/easy/trianglePerimeter.js
FN:8,trianglePerimeter
FNF:1
FNH:1
FNDA:2,trianglePerimeter
DA:9,2
DA:12,2
LF:2
LH:2
BRF:0
BRH:0
end_of_record
TN:
SF:challenges/hard/rectangleOverlap.js
FN:18,rectangleOverlap
FNF:1
FNH:1
FNDA:3,rectangleOverlap
DA:22,1
LF:1
LH:1
BRF:0
BRH:0
end_of_record
TN:
SF:challenges/hard/triangleAreaFromCoords.js
FN:9,triangleAreaFromCoords
FNF:1
FNH:1
FNDA:1,triangleAreaFromCoords
DA:10,1
DA:11,1
DA:14,1
LF:3
LH:3
BRF:0
BRH:0
end_of_record
TN:
SF:challenges/hard/triangleAreaFromSides.js
FN:12,triangleAreaFromSides
FNF:1
FNH:1
FNDA:1,triangleAreaFromSides
DA:1,1
DA:13,1
DA:15,1
DA:18,1
LF:4
LH:4
BRF:0
BRH:0
end_of_record
TN:
SF:challenges/medium/getRectangleCorners.js
FN:11,getRectangleCorners
FNF:1
FNH:1
FNDA:1,getRectangleCorners
DA:13,1
DA:18,1
DA:23,1
DA:28,1
DA:31,1
LF:5
LH:5
BRF:0
BRH:0
end_of_record
TN:
SF:challenges/medium/rectangleAreaFromCoords.js
FN:9,rectangleAreaFromCoords
FNF:1
FNH:1
FNDA:2,rectangleAreaFromCoords
DA:10,2
DA:11,2
DA:14,1
LF:3
LH:3
BRF:0
BRH:0
end_of_record
TN:
SF:challenges/medium/triangleHypotenuse.js
FN:9,triangleHypotenuse
FNF:1
FNH:1
FNDA:1,triangleHypotenuse
DA:10,1
DA:13,1
LF:2
LH:2
BRF:0
BRH:0
end_of_record
